<?xml version="1.0" encoding="UTF-8"?>
<!-- Generated by org.testng.reporters.JUnitReportReporter -->
<testsuite hostname="360NDCPC038" name="com.pointrlab.testscript.UserManagement" tests="9" failures="1" timestamp="31 Oct 2017 13:19:40 GMT" time="511.392" errors="0">
  <testcase name="test02_AddNewUser" time="54.930" classname="com.pointrlab.testscript.UserManagement"/>
  <testcase name="test05_VerifyUserIsAbleToAddFacilityForUser" time="56.418" classname="com.pointrlab.testscript.UserManagement"/>
  <testcase name="test06_VerifyUserIsAbleToexcludeFacilityForUser" time="54.347" classname="com.pointrlab.testscript.UserManagement">
    <failure type="org.openqa.selenium.NoSuchElementException" message="Cannot locate element with text: Default
For documentation on this error, please visit: http://seleniumhq.org/exceptions/no_such_element.html
Build info: version: &#039;3.5.1&#039;, revision: &#039;9c21bb67ef&#039;, time: &#039;2017-08-17T15:26:08.955Z&#039;
System info: host: &#039;360NDCPC038&#039;, ip: &#039;192.168.3.75&#039;, os.name: &#039;Windows 10&#039;, os.arch: &#039;amd64&#039;, os.version: &#039;10.0&#039;, java.version: &#039;1.8.0_102&#039;
Driver info: driver.version: unknown">
      <![CDATA[org.openqa.selenium.NoSuchElementException: Cannot locate element with text: Default
For documentation on this error, please visit: http://seleniumhq.org/exceptions/no_such_element.html
Build info: version: '3.5.1', revision: '9c21bb67ef', time: '2017-08-17T15:26:08.955Z'
System info: host: '360NDCPC038', ip: '192.168.3.75', os.name: 'Windows 10', os.arch: 'amd64', os.version: '10.0', java.version: '1.8.0_102'
Driver info: driver.version: unknown
	at org.openqa.selenium.support.ui.Select.selectByVisibleText(Select.java:151)
	at com.pointrlab.selenium.framework.BasePage.selectDropDownByText(BasePage.java:670)
	at com.pointrlab.pages.ConfigurePage.selectExcludedActivities(ConfigurePage.java:206)
	at com.pointrlab.testscript.UserManagement.test06_VerifyUserIsAbleToexcludeFacilityForUser(UserManagement.java:348)
	at sun.reflect.NativeMethodAccessorImpl.invoke0(Native Method)
	at sun.reflect.NativeMethodAccessorImpl.invoke(Unknown Source)
	at sun.reflect.DelegatingMethodAccessorImpl.invoke(Unknown Source)
	at java.lang.reflect.Method.invoke(Unknown Source)
	at org.testng.internal.MethodInvocationHelper.invokeMethod(MethodInvocationHelper.java:80)
	at org.testng.internal.Invoker.invokeMethod(Invoker.java:714)
	at org.testng.internal.Invoker.invokeTestMethod(Invoker.java:901)
	at org.testng.internal.Invoker.invokeTestMethods(Invoker.java:1231)
	at org.testng.internal.TestMethodWorker.invokeTestMethods(TestMethodWorker.java:127)
	at org.testng.internal.TestMethodWorker.run(TestMethodWorker.java:111)
	at org.testng.TestRunner.privateRun(TestRunner.java:767)
	at org.testng.TestRunner.run(TestRunner.java:617)
	at org.testng.SuiteRunner.runTest(SuiteRunner.java:334)
	at org.testng.SuiteRunner.runSequentially(SuiteRunner.java:329)
	at org.testng.SuiteRunner.privateRun(SuiteRunner.java:291)
	at org.testng.SuiteRunner.run(SuiteRunner.java:240)
	at org.testng.SuiteRunnerWorker.runSuite(SuiteRunnerWorker.java:52)
	at org.testng.SuiteRunnerWorker.run(SuiteRunnerWorker.java:86)
	at org.testng.TestNG.runSuitesSequentially(TestNG.java:1198)
	at org.testng.TestNG.runSuitesLocally(TestNG.java:1123)
	at org.testng.TestNG.run(TestNG.java:1031)
	at org.testng.remote.AbstractRemoteTestNG.run(AbstractRemoteTestNG.java:132)
	at org.testng.remote.RemoteTestNG.initAndRun(RemoteTestNG.java:236)
	at org.testng.remote.RemoteTestNG.main(RemoteTestNG.java:81)
]]>
    </failure>
  </testcase> <!-- test06_VerifyUserIsAbleToexcludeFacilityForUser -->
  <testcase name="test01_AddNewRole" time="52.981" classname="com.pointrlab.testscript.UserManagement"/>
  <testcase name="test07_VerifyUserIsAbleToUpdateNewlyCreatedUser" time="69.434" classname="com.pointrlab.testscript.UserManagement"/>
  <testcase name="test08_VerifyAddedUserInFacilityManagement" time="51.353" classname="com.pointrlab.testscript.UserManagement"/>
  <testcase name="test09_VerifyAddedRoleInUserManagement" time="57.292" classname="com.pointrlab.testscript.UserManagement"/>
  <testcase name="test04_VerifyUserIsAbleToExcludeActivities" time="61.706" classname="com.pointrlab.testscript.UserManagement"/>
  <testcase name="test03_VerifyUserIsAbleToIncludeActivities" time="52.931" classname="com.pointrlab.testscript.UserManagement"/>
</testsuite> <!-- com.pointrlab.testscript.UserManagement -->
