<?xml version="1.0" encoding="UTF-8"?>
<!-- Generated by org.testng.reporters.JUnitReportReporter -->
<testsuite hostname="SadikA" name="com.pointr.tests.building.Building" tests="21" failures="0" timestamp="12 Sep 2017 16:45:10 GMT" time="78.750" errors="1">
  <testcase name="testAddAllBuidingType" time="6.965" classname="com.pointr.tests.building.Building"/>
  <testcase name="testAddAllBuidingType" time="1.021" classname="com.pointr.tests.building.Building"/>
  <testcase name="testAddAllBuidingType" time="7.270" classname="com.pointr.tests.building.Building"/>
  <testcase name="testAddAllBuidingType" time="6.584" classname="com.pointr.tests.building.Building"/>
  <testcase name="testAddAllBuidingType" time="3.167" classname="com.pointr.tests.building.Building"/>
  <testcase name="testAddAllBuidingType" time="1.137" classname="com.pointr.tests.building.Building"/>
  <testcase name="testAddAllBuidingType" time="1.392" classname="com.pointr.tests.building.Building"/>
  <testcase name="testAddAllBuidingType" time="1.024" classname="com.pointr.tests.building.Building"/>
  <testcase name="testAddAllBuidingType" time="1.224" classname="com.pointr.tests.building.Building"/>
  <testcase name="testAddAllBuidingType" time="0.794" classname="com.pointr.tests.building.Building">
    <error type="java.lang.AssertionError" message="1 expectation failed.
JSON path status.errorMessage doesn&#039;t match.
Expected: 
  Actual: Pop is already assigned
">
      <![CDATA[java.lang.AssertionError: 1 expectation failed.
JSON path status.errorMessage doesn't match.
Expected: 
  Actual: Pop is already assigned

	at sun.reflect.NativeConstructorAccessorImpl.newInstance0(Native Method)
	at sun.reflect.NativeConstructorAccessorImpl.newInstance(NativeConstructorAccessorImpl.java:62)
	at sun.reflect.DelegatingConstructorAccessorImpl.newInstance(DelegatingConstructorAccessorImpl.java:45)
	at java.lang.reflect.Constructor.newInstance(Constructor.java:423)
	at org.codehaus.groovy.reflection.CachedConstructor.invoke(CachedConstructor.java:83)
	at org.codehaus.groovy.reflection.CachedConstructor.doConstructorInvoke(CachedConstructor.java:77)
	at org.codehaus.groovy.runtime.callsite.ConstructorSite$ConstructorSiteNoUnwrap.callConstructor(ConstructorSite.java:84)
	at org.codehaus.groovy.runtime.callsite.AbstractCallSite.callConstructor(AbstractCallSite.java:247)
	at io.restassured.internal.ResponseSpecificationImpl$HamcrestAssertionClosure.validate(ResponseSpecificationImpl.groovy:471)
	at io.restassured.internal.ResponseSpecificationImpl$HamcrestAssertionClosure$validate$4.call(Unknown Source)
	at io.restassured.internal.ResponseSpecificationImpl.validateResponseIfRequired(ResponseSpecificationImpl.groovy:643)
	at sun.reflect.GeneratedMethodAccessor87.invoke(Unknown Source)
	at sun.reflect.DelegatingMethodAccessorImpl.invoke(DelegatingMethodAccessorImpl.java:43)
	at java.lang.reflect.Method.invoke(Method.java:498)
	at org.codehaus.groovy.runtime.callsite.PogoMetaMethodSite$PogoCachedMethodSiteNoUnwrapNoCoerce.invoke(PogoMetaMethodSite.java:210)
	at org.codehaus.groovy.runtime.callsite.PogoMetaMethodSite.callCurrent(PogoMetaMethodSite.java:59)
	at org.codehaus.groovy.runtime.callsite.AbstractCallSite.callCurrent(AbstractCallSite.java:166)
	at io.restassured.internal.ResponseSpecificationImpl.content(ResponseSpecificationImpl.groovy:265)
	at io.restassured.specification.ResponseSpecification$content$3.callCurrent(Unknown Source)
	at io.restassured.internal.ResponseSpecificationImpl.body(ResponseSpecificationImpl.groovy:248)
	at io.restassured.internal.ValidatableResponseOptionsImpl.body(ValidatableResponseOptionsImpl.java:268)
	at com.pointr.utils.RestUtil.verifyPoiResponseData(RestUtil.java:98)
	at com.pointr.tests.building.Building.testAddAllBuidingType(Building.java:45)
	at sun.reflect.NativeMethodAccessorImpl.invoke0(Native Method)
	at sun.reflect.NativeMethodAccessorImpl.invoke(NativeMethodAccessorImpl.java:62)
	at sun.reflect.DelegatingMethodAccessorImpl.invoke(DelegatingMethodAccessorImpl.java:43)
	at java.lang.reflect.Method.invoke(Method.java:498)
	at org.testng.internal.MethodInvocationHelper.invokeMethod(MethodInvocationHelper.java:80)
	at org.testng.internal.Invoker.invokeMethod(Invoker.java:714)
	at org.testng.internal.Invoker.invokeTestMethod(Invoker.java:901)
	at org.testng.internal.Invoker.invokeTestMethods(Invoker.java:1231)
	at org.testng.internal.TestMethodWorker.invokeTestMethods(TestMethodWorker.java:127)
	at org.testng.internal.TestMethodWorker.run(TestMethodWorker.java:111)
	at org.testng.TestRunner.privateRun(TestRunner.java:767)
	at org.testng.TestRunner.run(TestRunner.java:617)
	at org.testng.SuiteRunner.runTest(SuiteRunner.java:334)
	at org.testng.SuiteRunner.access$000(SuiteRunner.java:37)
	at org.testng.SuiteRunner$SuiteWorker.run(SuiteRunner.java:368)
	at org.testng.internal.thread.ThreadUtil$2.call(ThreadUtil.java:64)
	at java.util.concurrent.FutureTask.run(FutureTask.java:266)
	at java.util.concurrent.ThreadPoolExecutor.runWorker(ThreadPoolExecutor.java:1142)
	at java.util.concurrent.ThreadPoolExecutor$Worker.run(ThreadPoolExecutor.java:617)
	at java.lang.Thread.run(Thread.java:745)
]]>
    </error>
  </testcase> <!-- testAddAllBuidingType -->
  <testcase name="testAddAllBuidingType" time="6.553" classname="com.pointr.tests.building.Building"/>
  <testcase name="testAddAllBuidingType" time="3.898" classname="com.pointr.tests.building.Building"/>
  <testcase name="testAddAllBuidingType" time="7.190" classname="com.pointr.tests.building.Building"/>
  <testcase name="testAddAllBuidingType" time="6.553" classname="com.pointr.tests.building.Building"/>
  <testcase name="testAddAllBuidingType" time="6.553" classname="com.pointr.tests.building.Building"/>
  <testcase name="testAddAllBuidingType" time="1.022" classname="com.pointr.tests.building.Building"/>
  <testcase name="testAddAllBuidingType" time="1.050" classname="com.pointr.tests.building.Building"/>
  <testcase name="testAddAllBuidingType" time="1.593" classname="com.pointr.tests.building.Building"/>
  <testcase name="testAddAllBuidingType" time="5.097" classname="com.pointr.tests.building.Building"/>
  <testcase name="testAddAllBuidingType" time="7.200" classname="com.pointr.tests.building.Building"/>
  <testcase name="testAddAllBuidingType" time="1.463" classname="com.pointr.tests.building.Building"/>
</testsuite> <!-- com.pointr.tests.building.Building -->
