<?xml version="1.0" encoding="UTF-8"?>
<testsuite name="Building Test cases"
           tests="21"
           failures="1"
           errors="0"
           skipped="0"
           time="78.750">
  <properties />
            <testcase name="testAddAllBuidingType" time="0.794" classname="com.pointr.tests.building.Building">
                <failure type="java.lang.AssertionError"
                  message="1 expectation failed.
JSON path status.errorMessage doesn&apos;t match.
Expected: 
  Actual: Pop is already assigned
"
              >
<![CDATA[java.lang.AssertionError: 1 expectation failed.
JSON path status.errorMessage doesn't match.
Expected: 
  Actual: Pop is already assigned

  sun.reflect.NativeConstructorAccessorImpl.newInstance0(Native Method)
  sun.reflect.NativeConstructorAccessorImpl.newInstance(NativeConstructorAccessorImpl.java:62)
  sun.reflect.DelegatingConstructorAccessorImpl.newInstance(DelegatingConstructorAccessorImpl.java:45)
  java.lang.reflect.Constructor.newInstance(Constructor.java:423)
  org.codehaus.groovy.reflection.CachedConstructor.invoke(CachedConstructor.java:83)
  org.codehaus.groovy.reflection.CachedConstructor.doConstructorInvoke(CachedConstructor.java:77)
  org.codehaus.groovy.runtime.callsite.ConstructorSite$ConstructorSiteNoUnwrap.callConstructor(ConstructorSite.java:84)
  org.codehaus.groovy.runtime.callsite.AbstractCallSite.callConstructor(AbstractCallSite.java:247)
  io.restassured.internal.ResponseSpecificationImpl$HamcrestAssertionClosure.validate(ResponseSpecificationImpl.groovy:471)
  io.restassured.internal.ResponseSpecificationImpl$HamcrestAssertionClosure$validate$4.call(Unknown Source)
  io.restassured.internal.ResponseSpecificationImpl.validateResponseIfRequired(ResponseSpecificationImpl.groovy:643)
  sun.reflect.GeneratedMethodAccessor87.invoke(Unknown Source)
  sun.reflect.DelegatingMethodAccessorImpl.invoke(DelegatingMethodAccessorImpl.java:43)
  java.lang.reflect.Method.invoke(Method.java:498)
  org.codehaus.groovy.runtime.callsite.PogoMetaMethodSite$PogoCachedMethodSiteNoUnwrapNoCoerce.invoke(PogoMetaMethodSite.java:210)
  org.codehaus.groovy.runtime.callsite.PogoMetaMethodSite.callCurrent(PogoMetaMethodSite.java:59)
  org.codehaus.groovy.runtime.callsite.AbstractCallSite.callCurrent(AbstractCallSite.java:166)
  io.restassured.internal.ResponseSpecificationImpl.content(ResponseSpecificationImpl.groovy:265)
  io.restassured.specification.ResponseSpecification$content$3.callCurrent(Unknown Source)
  io.restassured.internal.ResponseSpecificationImpl.body(ResponseSpecificationImpl.groovy:248)
  io.restassured.internal.ValidatableResponseOptionsImpl.body(ValidatableResponseOptionsImpl.java:268)
  com.pointr.utils.RestUtil.verifyPoiResponseData(RestUtil.java:98)
  com.pointr.tests.building.Building.testAddAllBuidingType(Building.java:45)
  sun.reflect.NativeMethodAccessorImpl.invoke0(Native Method)
  sun.reflect.NativeMethodAccessorImpl.invoke(NativeMethodAccessorImpl.java:62)
  sun.reflect.DelegatingMethodAccessorImpl.invoke(DelegatingMethodAccessorImpl.java:43)
  java.lang.reflect.Method.invoke(Method.java:498)
  org.testng.internal.MethodInvocationHelper.invokeMethod(MethodInvocationHelper.java:80)
  org.testng.internal.Invoker.invokeMethod(Invoker.java:714)
  org.testng.internal.Invoker.invokeTestMethod(Invoker.java:901)
  org.testng.internal.Invoker.invokeTestMethods(Invoker.java:1231)
  org.testng.internal.TestMethodWorker.invokeTestMethods(TestMethodWorker.java:127)
  org.testng.internal.TestMethodWorker.run(TestMethodWorker.java:111)
  org.testng.TestRunner.privateRun(TestRunner.java:767)
  org.testng.TestRunner.run(TestRunner.java:617)
  org.testng.SuiteRunner.runTest(SuiteRunner.java:334)
  org.testng.SuiteRunner.access$000(SuiteRunner.java:37)
  org.testng.SuiteRunner$SuiteWorker.run(SuiteRunner.java:368)
  org.testng.internal.thread.ThreadUtil$2.call(ThreadUtil.java:64)
  java.util.concurrent.FutureTask.run(FutureTask.java:266)
  java.util.concurrent.ThreadPoolExecutor.runWorker(ThreadPoolExecutor.java:1142)
  java.util.concurrent.ThreadPoolExecutor$Worker.run(ThreadPoolExecutor.java:617)
  java.lang.Thread.run(Thread.java:745)
]]>
      </failure>

          </testcase>
  
  
            <testcase name="testAddAllBuidingType" time="1.392" classname="com.pointr.tests.building.Building" />
                <testcase name="testAddAllBuidingType" time="1.050" classname="com.pointr.tests.building.Building" />
                <testcase name="testAddAllBuidingType" time="6.965" classname="com.pointr.tests.building.Building" />
                <testcase name="testAddAllBuidingType" time="1.021" classname="com.pointr.tests.building.Building" />
                <testcase name="testAddAllBuidingType" time="6.553" classname="com.pointr.tests.building.Building" />
                <testcase name="testAddAllBuidingType" time="3.898" classname="com.pointr.tests.building.Building" />
                <testcase name="testAddAllBuidingType" time="1.024" classname="com.pointr.tests.building.Building" />
                <testcase name="testAddAllBuidingType" time="1.593" classname="com.pointr.tests.building.Building" />
                <testcase name="testAddAllBuidingType" time="5.097" classname="com.pointr.tests.building.Building" />
                <testcase name="testAddAllBuidingType" time="1.224" classname="com.pointr.tests.building.Building" />
                <testcase name="testAddAllBuidingType" time="6.553" classname="com.pointr.tests.building.Building" />
                <testcase name="testAddAllBuidingType" time="7.200" classname="com.pointr.tests.building.Building" />
                <testcase name="testAddAllBuidingType" time="3.167" classname="com.pointr.tests.building.Building" />
                <testcase name="testAddAllBuidingType" time="6.553" classname="com.pointr.tests.building.Building" />
                <testcase name="testAddAllBuidingType" time="1.463" classname="com.pointr.tests.building.Building" />
                <testcase name="testAddAllBuidingType" time="7.270" classname="com.pointr.tests.building.Building" />
                <testcase name="testAddAllBuidingType" time="1.022" classname="com.pointr.tests.building.Building" />
                <testcase name="testAddAllBuidingType" time="6.584" classname="com.pointr.tests.building.Building" />
                <testcase name="testAddAllBuidingType" time="1.137" classname="com.pointr.tests.building.Building" />
                <testcase name="testAddAllBuidingType" time="7.190" classname="com.pointr.tests.building.Building" />
      
</testsuite>
