<?xml version="1.0" encoding="UTF-8"?>
<!-- Generated by org.testng.reporters.JUnitXMLReporter -->
<testsuite hostname="360NDCPC038" name="Pointrlab TestSuite" tests="14" failures="2" timestamp="31 Oct 2017 13:19:40 GMT" time="674.201" errors="0">
  <testcase name="test01_Login_And_LogOut_With_Valid_Username_And_Password" time="7.335" classname="com.pointrlab.testscript.LoginScript"/>
  <testcase name="test02_Login_With_Blank_Username_And_Password" time="0.927" classname="com.pointrlab.testscript.LoginScript"/>
  <testcase name="test03_Login_With_Invalid_Username_And_Valid_Password" time="1.098" classname="com.pointrlab.testscript.LoginScript"/>
  <testcase name="test04_Login_With_Valid_Username_And_Invalid_Password" time="3.219" classname="com.pointrlab.testscript.LoginScript">
    <failure type="org.openqa.selenium.NoSuchElementException" message="no such element: Unable to locate element: {&amp;quot;method&amp;quot;:&amp;quot;xpath&amp;quot;,&amp;quot;selector&amp;quot;:&amp;quot;//div[@class=&amp;apos;validation-summary-errors&amp;apos;]/ul/li&amp;quot;}
  (Session info: chrome=61.0.3163.100)
  (Driver info: chromedriver=2.29.461591 (62ebf098771772160f391d75e589dc567915b233),platform=Windows NT 10.0.10240 x86_64) (WARNING: The server did not provide any stacktrace information)
Command duration or timeout: 0 milliseconds
For documentation on this error, please visit: http://seleniumhq.org/exceptions/no_such_element.html
Build info: version: &amp;apos;3.5.1&amp;apos;, revision: &amp;apos;9c21bb67ef&amp;apos;, time: &amp;apos;2017-08-17T15:26:08.955Z&amp;apos;
System info: host: &amp;apos;360NDCPC038&amp;apos;, ip: &amp;apos;192.168.3.75&amp;apos;, os.name: &amp;apos;Windows 10&amp;apos;, os.arch: &amp;apos;amd64&amp;apos;, os.version: &amp;apos;10.0&amp;apos;, java.version: &amp;apos;1.8.0_102&amp;apos;
Driver info: org.openqa.selenium.chrome.ChromeDriver
Capabilities [{applicationCacheEnabled=false, rotatable=false, mobileEmulationEnabled=false, networkConnectionEnabled=false, chrome={chromedriverVersion=2.29.461591 (62ebf098771772160f391d75e589dc567915b233), userDataDir=C:\Users\gauravr\AppData\Local\Temp\scoped_dir9500_31937}, takesHeapSnapshot=true, pageLoadStrategy=normal, unhandledPromptBehavior=, databaseEnabled=false, handlesAlerts=true, hasTouchScreen=false, version=61.0.3163.100, platform=XP, browserConnectionEnabled=false, nativeEvents=true, acceptSslCerts=true, locationContextEnabled=true, webStorageEnabled=true, browserName=chrome, takesScreenshot=true, javascriptEnabled=true, cssSelectorsEnabled=true, unexpectedAlertBehaviour=}]
Session ID: 08dfdadde9acfa703377f47df13e5f4f
*** Element info: {Using=xpath, value=//div[@class=&amp;apos;validation-summary-errors&amp;apos;]/ul/li}">
      <![CDATA[org.openqa.selenium.NoSuchElementException: no such element: Unable to locate element: {"method":"xpath","selector":"//div[@class='validation-summary-errors']/ul/li"}
  (Session info: chrome=61.0.3163.100)
  (Driver info: chromedriver=2.29.461591 (62ebf098771772160f391d75e589dc567915b233),platform=Windows NT 10.0.10240 x86_64) (WARNING: The server did not provide any stacktrace information)
Command duration or timeout: 0 milliseconds
For documentation on this error, please visit: http://seleniumhq.org/exceptions/no_such_element.html
Build info: version: '3.5.1', revision: '9c21bb67ef', time: '2017-08-17T15:26:08.955Z'
System info: host: '360NDCPC038', ip: '192.168.3.75', os.name: 'Windows 10', os.arch: 'amd64', os.version: '10.0', java.version: '1.8.0_102'
Driver info: org.openqa.selenium.chrome.ChromeDriver
Capabilities [{applicationCacheEnabled=false, rotatable=false, mobileEmulationEnabled=false, networkConnectionEnabled=false, chrome={chromedriverVersion=2.29.461591 (62ebf098771772160f391d75e589dc567915b233), userDataDir=C:\Users\gauravr\AppData\Local\Temp\scoped_dir9500_31937}, takesHeapSnapshot=true, pageLoadStrategy=normal, unhandledPromptBehavior=, databaseEnabled=false, handlesAlerts=true, hasTouchScreen=false, version=61.0.3163.100, platform=XP, browserConnectionEnabled=false, nativeEvents=true, acceptSslCerts=true, locationContextEnabled=true, webStorageEnabled=true, browserName=chrome, takesScreenshot=true, javascriptEnabled=true, cssSelectorsEnabled=true, unexpectedAlertBehaviour=}]
Session ID: 08dfdadde9acfa703377f47df13e5f4f
*** Element info: {Using=xpath, value=//div[@class='validation-summary-errors']/ul/li}
	at org.openqa.selenium.remote.ErrorHandler.createThrowable(ErrorHandler.java:215)
	at org.openqa.selenium.remote.ErrorHandler.throwIfResponseFailed(ErrorHandler.java:167)
	at org.openqa.selenium.remote.http.JsonHttpResponseCodec.reconstructValue(JsonHttpResponseCodec.java:40)
	at org.openqa.selenium.remote.http.AbstractHttpResponseCodec.decode(AbstractHttpResponseCodec.java:82)
	at org.openqa.selenium.remote.http.AbstractHttpResponseCodec.decode(AbstractHttpResponseCodec.java:45)
	at org.openqa.selenium.remote.HttpCommandExecutor.execute(HttpCommandExecutor.java:164)
	at org.openqa.selenium.remote.service.DriverCommandExecutor.execute(DriverCommandExecutor.java:82)
	at org.openqa.selenium.remote.RemoteWebDriver.execute(RemoteWebDriver.java:641)
	at org.openqa.selenium.remote.RemoteWebDriver.findElement(RemoteWebDriver.java:414)
	at org.openqa.selenium.remote.RemoteWebDriver.findElementByXPath(RemoteWebDriver.java:513)
	at org.openqa.selenium.By$ByXPath.findElement(By.java:361)
	at org.openqa.selenium.remote.RemoteWebDriver.findElement(RemoteWebDriver.java:406)
	at org.openqa.selenium.support.pagefactory.DefaultElementLocator.findElement(DefaultElementLocator.java:69)
	at org.openqa.selenium.support.pagefactory.internal.LocatingElementHandler.invoke(LocatingElementHandler.java:38)
	at com.sun.proxy.$Proxy14.getText(Unknown Source)
	at com.pointrlab.pages.LoginPage.verifyInvalidLogin(LoginPage.java:93)
	at com.pointrlab.testscript.LoginScript.test04_Login_With_Valid_Username_And_Invalid_Password(LoginScript.java:84)
... Removed 28 stack frames]]>
    </failure>
  </testcase> <!-- test04_Login_With_Valid_Username_And_Invalid_Password -->
  <testcase name="test01_AddNewRole" time="22.58" classname="com.pointrlab.testscript.UserManagement"/>
  <testcase name="test02_AddNewUser" time="26.382" classname="com.pointrlab.testscript.UserManagement"/>
  <testcase name="test03_VerifyUserIsAbleToIncludeActivities" time="24.418" classname="com.pointrlab.testscript.UserManagement"/>
  <testcase name="test04_VerifyUserIsAbleToExcludeActivities" time="28.181" classname="com.pointrlab.testscript.UserManagement"/>
  <testcase name="test05_VerifyUserIsAbleToAddFacilityForUser" time="27.812" classname="com.pointrlab.testscript.UserManagement"/>
  <testcase name="test06_VerifyUserIsAbleToexcludeFacilityForUser" time="25.671" classname="com.pointrlab.testscript.UserManagement">
    <failure type="org.openqa.selenium.NoSuchElementException" message="Cannot locate element with text: Default
For documentation on this error, please visit: http://seleniumhq.org/exceptions/no_such_element.html
Build info: version: &amp;apos;3.5.1&amp;apos;, revision: &amp;apos;9c21bb67ef&amp;apos;, time: &amp;apos;2017-08-17T15:26:08.955Z&amp;apos;
System info: host: &amp;apos;360NDCPC038&amp;apos;, ip: &amp;apos;192.168.3.75&amp;apos;, os.name: &amp;apos;Windows 10&amp;apos;, os.arch: &amp;apos;amd64&amp;apos;, os.version: &amp;apos;10.0&amp;apos;, java.version: &amp;apos;1.8.0_102&amp;apos;
Driver info: driver.version: unknown">
      <![CDATA[org.openqa.selenium.NoSuchElementException: Cannot locate element with text: Default
For documentation on this error, please visit: http://seleniumhq.org/exceptions/no_such_element.html
Build info: version: '3.5.1', revision: '9c21bb67ef', time: '2017-08-17T15:26:08.955Z'
System info: host: '360NDCPC038', ip: '192.168.3.75', os.name: 'Windows 10', os.arch: 'amd64', os.version: '10.0', java.version: '1.8.0_102'
Driver info: driver.version: unknown
	at org.openqa.selenium.support.ui.Select.selectByVisibleText(Select.java:151)
	at com.pointrlab.selenium.framework.BasePage.selectDropDownByText(BasePage.java:670)
	at com.pointrlab.pages.ConfigurePage.selectExcludedActivities(ConfigurePage.java:206)
	at com.pointrlab.testscript.UserManagement.test06_VerifyUserIsAbleToexcludeFacilityForUser(UserManagement.java:348)
... Removed 24 stack frames]]>
    </failure>
  </testcase> <!-- test06_VerifyUserIsAbleToexcludeFacilityForUser -->
  <testcase name="test07_VerifyUserIsAbleToUpdateNewlyCreatedUser" time="40.535" classname="com.pointrlab.testscript.UserManagement"/>
  <testcase name="test08_VerifyAddedUserInFacilityManagement" time="22.395" classname="com.pointrlab.testscript.UserManagement"/>
  <testcase name="test09_VerifyAddedRoleInUserManagement" time="28.178" classname="com.pointrlab.testscript.UserManagement"/>
  <testcase name="test01_VerifyDrawingIconsAreAvailable" time="15.925" classname="com.pointrlab.testscript.MapDesigner"/>
</testsuite> <!-- Pointrlab TestSuite -->
